#
# There is insufficient memory for the Java Runtime Environment to continue.
# Native memory allocation (malloc) failed to allocate 1048576 bytes for AllocateHeap
# Possible reasons:
#   The system is out of physical RAM or swap space
#   In 32 bit mode, the process size limit was hit
# Possible solutions:
#   Reduce memory load on the system
#   Increase physical memory or swap space
#   Check if swap backing store is full
#   Use 64 bit Java on a 64 bit OS
#   Decrease Java heap size (-Xmx/-Xms)
#   Decrease number of Java threads
#   Decrease Java thread stack sizes (-Xss)
#   Set larger code cache with -XX:ReservedCodeCacheSize=
# This output file may be truncated or incomplete.
#
#  Out of Memory Error (memory/allocation.inline.hpp:61), pid=7128, tid=0x0000000000000f40
#
# JRE version:  (8.0_181-b13) (build )
# Java VM: Java HotSpot(TM) 64-Bit Server VM (25.181-b13 mixed mode windows-amd64 compressed oops)
# Failed to write core dump. Minidumps are not enabled by default on client versions of Windows
#

---------------  T H R E A D  ---------------

Current thread (0x0000000000a6e800):  JavaThread "Unknown thread" [_thread_in_vm, id=3904, stack(0x0000000000940000,0x0000000000a40000)]

Stack: [0x0000000000940000,0x0000000000a40000]
[error occurred during error reporting (printing stack bounds), id 0xc0000005]

Native frames: (J=compiled Java code, j=interpreted, Vv=VM code, C=native code)


---------------  P R O C E S S  ---------------

Java Threads: ( => current thread )

Other Threads:

=>0x0000000000a6e800 (exited) JavaThread "Unknown thread" [_thread_in_vm, id=3904, stack(0x0000000000940000,0x0000000000a40000)]

VM state:not at safepoint (normal execution)

VM Mutex/Monitor currently owned by a thread: None

Heap:
 PSYoungGen      total 38400K, used 665K [0x00000000d5900000, 0x00000000d8380000, 0x0000000100000000)
  eden space 33280K, 2% used [0x00000000d5900000,0x00000000d59a6670,0x00000000d7980000)
  from space 5120K, 0% used [0x00000000d7e80000,0x00000000d7e80000,0x00000000d8380000)
  to   space 5120K, 0% used [0x00000000d7980000,0x00000000d7980000,0x00000000d7e80000)
 ParOldGen       total 87552K, used 0K [0x0000000080a00000, 0x0000000085f80000, 0x00000000d5900000)
  object space 87552K, 0% used [0x0000000080a00000,0x0000000080a00000,0x0000000085f80000)
 Metaspace       used 775K, capacity 4480K, committed 4480K, reserved 1056768K
  class space    used 76K, capacity 384K, committed 384K, reserved 1048576K

Card table byte_map: [0x0000000011760000,0x0000000011b60000] byte_map_base: 0x000000001135b000

Marking Bits: (ParMarkBitMap*) 0x0000000074c02d00
 Begin Bits: [0x0000000012210000, 0x00000000141e8000)
 End Bits:   [0x00000000141e8000, 0x00000000161c0000)

Polling page: 0x00000000007d0000

CodeCache: size=245760Kb used=327Kb max_used=327Kb free=245432Kb
 bounds [0x00000000023a0000, 0x0000000002610000, 0x00000000113a0000]
 total_blobs=57 nmethods=0 adapters=38
 compilation: enabled

Compilation events (0 events):
No events

GC Heap History (0 events):
No events

Deoptimization events (0 events):
No events

Classes redefined (0 events):
No events

Internal exceptions (0 events):
No events

Events (10 events):
Event: 0.026 loading class java/lang/Short
Event: 0.026 loading class java/lang/Short done
Event: 0.026 loading class java/lang/Integer
Event: 0.026 loading class java/lang/Integer done
Event: 0.026 loading class java/lang/Long
Event: 0.027 loading class java/lang/Long done
Event: 0.027 loading class java/lang/NullPointerException
Event: 0.027 loading class java/lang/NullPointerException done
Event: 0.027 loading class java/lang/ArithmeticException
Event: 0.027 loading class java/lang/ArithmeticException done


Dynamic libraries:
0x00007ff7aff40000 - 0x00007ff7aff77000 	C:\Program Files\Java\jdk1.8.0_181\bin\javaw.exe
0x00007ff8c10d0000 - 0x00007ff8c12c6000 	C:\WINDOWS\SYSTEM32\ntdll.dll
0x00007ff892bb0000 - 0x00007ff892bc2000 	C:\Program Files\AVAST Software\Avast\aswhook.dll
0x00007ff8c0e00000 - 0x00007ff8c0ebd000 	C:\WINDOWS\System32\KERNEL32.DLL
0x00007ff8bead0000 - 0x00007ff8bed99000 	C:\WINDOWS\System32\KERNELBASE.dll
0x00007ff8c0fe0000 - 0x00007ff8c108c000 	C:\WINDOWS\System32\ADVAPI32.dll
0x00007ff8bf6b0000 - 0x00007ff8bf74e000 	C:\WINDOWS\System32\msvcrt.dll
0x00007ff8c0210000 - 0x00007ff8c02ac000 	C:\WINDOWS\System32\sechost.dll
0x00007ff8bfea0000 - 0x00007ff8bffcb000 	C:\WINDOWS\System32\RPCRT4.dll
0x00007ff8bf3f0000 - 0x00007ff8bf590000 	C:\WINDOWS\System32\USER32.dll
0x00007ff8be840000 - 0x00007ff8be862000 	C:\WINDOWS\System32\win32u.dll
0x00007ff8c01e0000 - 0x00007ff8c020a000 	C:\WINDOWS\System32\GDI32.dll
0x00007ff8bef70000 - 0x00007ff8bf079000 	C:\WINDOWS\System32\gdi32full.dll
0x00007ff8bea30000 - 0x00007ff8beacd000 	C:\WINDOWS\System32\msvcp_win.dll
0x00007ff8beda0000 - 0x00007ff8beea0000 	C:\WINDOWS\System32\ucrtbase.dll
0x00007ff8b55a0000 - 0x00007ff8b583b000 	C:\WINDOWS\WinSxS\amd64_microsoft.windows.common-controls_6595b64144ccf1df_6.0.19041.488_none_ca04af081b815d21\COMCTL32.dll
0x00007ff8bf680000 - 0x00007ff8bf6b0000 	C:\WINDOWS\System32\IMM32.DLL
0x0000000075d00000 - 0x0000000075dd2000 	C:\Program Files\Java\jdk1.8.0_181\jre\bin\msvcr100.dll
0x00000000743e0000 - 0x0000000074c82000 	C:\Program Files\Java\jdk1.8.0_181\jre\bin\server\jvm.dll
0x00007ff8c0960000 - 0x00007ff8c0968000 	C:\WINDOWS\System32\PSAPI.DLL
0x00007ff8a8dd0000 - 0x00007ff8a8dd9000 	C:\WINDOWS\SYSTEM32\WSOCK32.dll
0x00007ff8c0530000 - 0x00007ff8c059b000 	C:\WINDOWS\System32\WS2_32.dll
0x00007ff8b5c10000 - 0x00007ff8b5c37000 	C:\WINDOWS\SYSTEM32\WINMM.dll
0x00007ff8b8930000 - 0x00007ff8b893a000 	C:\WINDOWS\SYSTEM32\VERSION.dll
0x0000000076710000 - 0x000000007671f000 	C:\Program Files\Java\jdk1.8.0_181\jre\bin\verify.dll
0x00000000766e0000 - 0x0000000076709000 	C:\Program Files\Java\jdk1.8.0_181\jre\bin\java.dll
0x00000000766c0000 - 0x00000000766d6000 	C:\Program Files\Java\jdk1.8.0_181\jre\bin\zip.dll

VM Arguments:
jvm_args: -Dfile.encoding=UTF-8 
java_command: Main
java_class_path (initial): C:\Users\NecroNyancer\eclipse-workspace\Full-Stack---The-Desk-Application-\out\production\TheDesk
Launcher Type: SUN_STANDARD

Environment Variables:
JAVA_HOME=C:\Program Files\Java\jre1.8.0_271\bin
PATH=C:/Program Files/eclipse//plugins/org.eclipse.justj.openjdk.hotspot.jre.full.win32.x86_64_15.0.1.v20201027-0507/jre/bin/server;C:/Program Files/eclipse//plugins/org.eclipse.justj.openjdk.hotspot.jre.full.win32.x86_64_15.0.1.v20201027-0507/jre/bin;C:\Program Files (x86)\Common Files\Oracle\Java\javapath;C:\Windows\system32;C:\Windows;C:\Windows\System32\Wbem;C:\Windows\System32\WindowsPowerShell\v1.0\;C:\Program Files (x86)\NVIDIA Corporation\PhysX\Common;C:\WINDOWS\system32;C:\WINDOWS;C:\WINDOWS\System32\Wbem;C:\WINDOWS\System32\WindowsPowerShell\v1.0\;C:\WINDOWS\System32\OpenSSH\;C:\Program Files\NVIDIA Corporation\NVIDIA NvDLISR;C:\WINDOWS\system32;C:\WINDOWS;C:\WINDOWS\System32\Wbem;C:\WINDOWS\System32\WindowsPowerShell\v1.0\;C:\WINDOWS\System32\OpenSSH\;C:\Users\NecroNyancer\AppData\Local\Microsoft\WindowsApps;C:\Users\NecroNyancer\AppData\Local\GitHubDesktop\bin;C:\Program Files\Java\jre1.8.0_271;;C:\Program Files\eclipse;
USERNAME=NecroNyancer
OS=Windows_NT
PROCESSOR_IDENTIFIER=AMD64 Family 23 Model 1 Stepping 1, AuthenticAMD



---------------  S Y S T E M  ---------------

OS: Windows 10.0 , 64 bit Build 19041 (10.0.19041.662)

CPU:total 4 (initial active 4) (4 cores per cpu, 1 threads per core) family 23 model 1 stepping 1, cmov, cx8, fxsr, mmx, sse, sse2, sse3, ssse3, sse4.1, sse4.2, popcnt, avx, avx2, aes, clmul, mmxext, 3dnowpref, lzcnt, sse4a, tsc, tscinvbit, tscinv, bmi1

Memory: 4k page, physical 8340292k(3800388k free), swap 33506116k(5640k free)

vm_info: Java HotSpot(TM) 64-Bit Server VM (25.181-b13) for windows-amd64 JRE (1.8.0_181-b13), built on Jul  7 2018 04:01:33 by "java_re" with MS VC++ 10.0 (VS2010)

time: Fri Jan 08 11:09:26 2021
elapsed time: 0 seconds (0d 0h 0m 0s)

